<?xml version="1.0" encoding="UTF-8"?>
<testsuite name="com.amich.provider.controller.ProviderControllerWithSpringBootTest" tests="4" skipped="0" failures="0" errors="0" timestamp="2024-05-16T15:52:49" hostname="MBP-de-Adolfo.attlocal.net" time="0.815">
  <properties/>
  <testcase name="test_addProvider()" classname="com.amich.provider.controller.ProviderControllerWithSpringBootTest" time="0.592"/>
  <testcase name="Get Provider details for give a Provider ID" classname="com.amich.provider.controller.ProviderControllerWithSpringBootTest" time="0.019"/>
  <testcase name="Get Provider details for give a Provider ID" classname="com.amich.provider.controller.ProviderControllerWithSpringBootTest" time="0.012"/>
  <testcase name="test_listProviders()" classname="com.amich.provider.controller.ProviderControllerWithSpringBootTest" time="0.187"/>
  <system-out><![CDATA[10:52:48.927 [Test worker] INFO org.springframework.test.context.support.AnnotationConfigContextLoaderUtils -- Could not detect default configuration classes for test class [com.amich.provider.controller.ProviderControllerWithSpringBootTest]: ProviderControllerWithSpringBootTest does not declare any static, non-private, non-final, nested classes annotated with @Configuration.
10:52:49.006 [Test worker] INFO org.springframework.boot.test.context.SpringBootTestContextBootstrapper -- Found @SpringBootConfiguration com.amich.provider.CashcardApplication for test class com.amich.provider.controller.ProviderControllerWithSpringBootTest

  .   ____          _            __ _ _
 /\\ / ___'_ __ _ _(_)_ __  __ _ \ \ \ \
( ( )\___ | '_ | '_| | '_ \/ _` | \ \ \ \
 \\/  ___)| |_)| | | | | || (_| |  ) ) ) )
  '  |____| .__|_| |_|_| |_\__, | / / / /
 =========|_|==============|___/=/_/_/_/
 :: Spring Boot ::                (v3.1.4)

2024-05-16T10:52:49.199-05:00  INFO 45276 --- [    Test worker] p.c.ProviderControllerWithSpringBootTest : Starting ProviderControllerWithSpringBootTest using Java 17.0.9 with PID 45276 (started by calarix in /Users/calarix/Documents/Adolfo/projects/spring/spring-certification/spring-web-examples)
2024-05-16T10:52:49.200-05:00  INFO 45276 --- [    Test worker] p.c.ProviderControllerWithSpringBootTest : No active profile set, falling back to 1 default profile: "default"
2024-05-16T10:52:49.627-05:00  INFO 45276 --- [    Test worker] o.s.b.w.embedded.tomcat.TomcatWebServer  : Tomcat initialized with port(s): 0 (http)
2024-05-16T10:52:49.633-05:00  INFO 45276 --- [    Test worker] o.apache.catalina.core.StandardService   : Starting service [Tomcat]
2024-05-16T10:52:49.633-05:00  INFO 45276 --- [    Test worker] o.apache.catalina.core.StandardEngine    : Starting Servlet engine: [Apache Tomcat/10.1.13]
2024-05-16T10:52:49.691-05:00  INFO 45276 --- [    Test worker] o.a.c.c.C.[Tomcat].[localhost].[/]       : Initializing Spring embedded WebApplicationContext
2024-05-16T10:52:49.691-05:00  INFO 45276 --- [    Test worker] w.s.c.ServletWebServerApplicationContext : Root WebApplicationContext: initialization completed in 482 ms
2024-05-16T10:52:49.881-05:00  INFO 45276 --- [    Test worker] o.s.b.w.embedded.tomcat.TomcatWebServer  : Tomcat started on port(s): 61117 (http) with context path ''
2024-05-16T10:52:49.887-05:00  INFO 45276 --- [    Test worker] p.c.ProviderControllerWithSpringBootTest : Started ProviderControllerWithSpringBootTest in 0.817 seconds (process running for 1.367)
2024-05-16T10:52:50.436-05:00  INFO 45276 --- [o-auto-1-exec-1] o.a.c.c.C.[Tomcat].[localhost].[/]       : Initializing Spring DispatcherServlet 'dispatcherServlet'
2024-05-16T10:52:50.436-05:00  INFO 45276 --- [o-auto-1-exec-1] o.s.web.servlet.DispatcherServlet        : Initializing Servlet 'dispatcherServlet'
2024-05-16T10:52:50.437-05:00  INFO 45276 --- [o-auto-1-exec-1] o.s.web.servlet.DispatcherServlet        : Completed initialization in 1 ms
2024-05-16T10:52:50.527-05:00  INFO 45276 --- [    Test worker] o.apache.catalina.core.StandardService   : Stopping service [Tomcat]
2024-05-16T10:52:50.527-05:00  INFO 45276 --- [    Test worker] o.a.c.c.C.[Tomcat].[localhost].[/]       : Destroying Spring FrameworkServlet 'dispatcherServlet'

  .   ____          _            __ _ _
 /\\ / ___'_ __ _ _(_)_ __  __ _ \ \ \ \
( ( )\___ | '_ | '_| | '_ \/ _` | \ \ \ \
 \\/  ___)| |_)| | | | | || (_| |  ) ) ) )
  '  |____| .__|_| |_|_| |_\__, | / / / /
 =========|_|==============|___/=/_/_/_/
 :: Spring Boot ::                (v3.1.4)

2024-05-16T10:52:50.554-05:00  INFO 45276 --- [    Test worker] p.c.ProviderControllerWithSpringBootTest : Starting ProviderControllerWithSpringBootTest using Java 17.0.9 with PID 45276 (started by calarix in /Users/calarix/Documents/Adolfo/projects/spring/spring-certification/spring-web-examples)
2024-05-16T10:52:50.554-05:00  INFO 45276 --- [    Test worker] p.c.ProviderControllerWithSpringBootTest : No active profile set, falling back to 1 default profile: "default"
2024-05-16T10:52:50.644-05:00  INFO 45276 --- [    Test worker] o.s.b.w.embedded.tomcat.TomcatWebServer  : Tomcat initialized with port(s): 0 (http)
2024-05-16T10:52:50.645-05:00  INFO 45276 --- [    Test worker] o.apache.catalina.core.StandardService   : Starting service [Tomcat]
2024-05-16T10:52:50.645-05:00  INFO 45276 --- [    Test worker] o.apache.catalina.core.StandardEngine    : Starting Servlet engine: [Apache Tomcat/10.1.13]
2024-05-16T10:52:50.653-05:00  INFO 45276 --- [    Test worker] o.a.c.c.C.[Tomcat].[localhost].[/]       : Initializing Spring embedded WebApplicationContext
2024-05-16T10:52:50.653-05:00  INFO 45276 --- [    Test worker] w.s.c.ServletWebServerApplicationContext : Root WebApplicationContext: initialization completed in 96 ms
2024-05-16T10:52:50.692-05:00  INFO 45276 --- [    Test worker] o.s.b.w.embedded.tomcat.TomcatWebServer  : Tomcat started on port(s): 61120 (http) with context path ''
2024-05-16T10:52:50.694-05:00  INFO 45276 --- [    Test worker] p.c.ProviderControllerWithSpringBootTest : Started ProviderControllerWithSpringBootTest in 0.155 seconds (process running for 2.174)
2024-05-16T10:52:50.698-05:00  INFO 45276 --- [o-auto-2-exec-1] o.a.c.c.C.[Tomcat].[localhost].[/]       : Initializing Spring DispatcherServlet 'dispatcherServlet'
2024-05-16T10:52:50.698-05:00  INFO 45276 --- [o-auto-2-exec-1] o.s.web.servlet.DispatcherServlet        : Initializing Servlet 'dispatcherServlet'
2024-05-16T10:52:50.699-05:00  INFO 45276 --- [o-auto-2-exec-1] o.s.web.servlet.DispatcherServlet        : Completed initialization in 1 ms
]]></system-out>
  <system-err><![CDATA[]]></system-err>
</testsuite>
